<?xml version="1.0" encoding="UTF-8"?>
<!-- Generated by org.testng.reporters.JUnitReportReporter -->
<testsuite skipped="0" hostname="Bharathwaj" name="week6day1.DeleteLeadUsingTestNG" tests="1" failures="0" timestamp="05 May 2018 15:27:42 GMT" time="45.479" errors="0">
  <testcase name="deleteLead" time="45.479" classname="week6day1.DeleteLeadUsingTestNG"/>
</testsuite> <!-- week6day1.DeleteLeadUsingTestNG -->
