<?xml version="1.0" encoding="UTF-8"?>
<!-- Generated by org.testng.reporters.JUnitReportReporter -->
<testsuite skipped="0" hostname="Bharathwaj" name="week6day1.CreateLeadUsingTestNG" tests="1" failures="0" timestamp="05 May 2018 15:44:04 GMT" time="30.959" errors="0">
  <testcase name="createLead" time="30.959" classname="week6day1.CreateLeadUsingTestNG"/>
</testsuite> <!-- week6day1.CreateLeadUsingTestNG -->
