<?xml version="1.0" encoding="UTF-8"?>
<!-- Generated by org.testng.reporters.JUnitReportReporter -->
<testsuite skipped="0" hostname="Bharathwaj" name="week6day1.MergeLeadUsingTestNG" tests="1" failures="0" timestamp="05 May 2018 15:27:42 GMT" time="54.648" errors="0">
  <testcase name="mergeLead" time="54.648" classname="week6day1.MergeLeadUsingTestNG"/>
</testsuite> <!-- week6day1.MergeLeadUsingTestNG -->
