<?xml version="1.0" encoding="UTF-8"?>
<!-- Generated by org.testng.reporters.JUnitReportReporter -->
<testsuite skipped="0" hostname="Bharathwaj" name="week5day2.DeleteLeadUsingTestNG" tests="2" failures="0" timestamp="29 Apr 2018 04:15:26 GMT" time="96.983" errors="0">
  <testcase name="deleteLead" time="48.954" classname="week5day2.DeleteLeadUsingTestNG"/>
  <testcase name="deleteLead" time="48.029" classname="week5day2.DeleteLeadUsingTestNG"/>
</testsuite> <!-- week5day2.DeleteLeadUsingTestNG -->
