<?xml version="1.0" encoding="UTF-8"?>
<!-- Generated by org.testng.reporters.JUnitReportReporter -->
<testsuite skipped="0" hostname="Bharathwaj" name="week6day1.DuplicateLeadUsingTestNG" tests="1" failures="0" timestamp="05 May 2018 15:27:42 GMT" time="43.100" errors="0">
  <testcase name="duplicateLead" time="43.100" classname="week6day1.DuplicateLeadUsingTestNG"/>
</testsuite> <!-- week6day1.DuplicateLeadUsingTestNG -->
