<?xml version="1.0" encoding="UTF-8"?>
<!-- Generated by org.testng.reporters.JUnitReportReporter -->
<testsuite skipped="0" hostname="Bharathwaj" name="week5day2.EditLeadUsingTestNG" tests="1" failures="0" timestamp="29 Apr 2018 05:30:55 GMT" time="38.909" errors="0">
  <testcase name="editLead" time="38.909" classname="week5day2.EditLeadUsingTestNG"/>
</testsuite> <!-- week5day2.EditLeadUsingTestNG -->
