<?xml version="1.0" encoding="UTF-8"?>
<!-- Generated by org.testng.reporters.JUnitReportReporter -->
<testsuite skipped="0" hostname="Bharathwaj" name="week5day1.DeleteLeadUsingTestNG" tests="1" failures="0" timestamp="28 Apr 2018 04:14:34 GMT" time="130.313" errors="0">
  <testcase name="testRun" time="130.313" classname="week5day1.DeleteLeadUsingTestNG"/>
</testsuite> <!-- week5day1.DeleteLeadUsingTestNG -->
