<?xml version="1.0" encoding="UTF-8"?>
<!-- Generated by org.testng.reporters.JUnitReportReporter -->
<testsuite skipped="0" hostname="Bharathwaj" name="week9dailyhomeworks.ConvertLowerToUpperCase" tests="1" failures="0" timestamp="28 May 2018 06:15:07 GMT" time="0.012" errors="0">
  <testcase name="main" time="0.012" classname="week9dailyhomeworks.ConvertLowerToUpperCase"/>
</testsuite> <!-- week9dailyhomeworks.ConvertLowerToUpperCase -->
