<?xml version="1.0" encoding="UTF-8"?>
<!-- Generated by org.testng.reporters.JUnitReportReporter -->
<testsuite skipped="0" hostname="Bharathwaj" name="week5day1hw.CreateLeadUsingTestNG" tests="2" failures="0" timestamp="01 May 2018 15:45:23 GMT" time="59.309" errors="0">
  <testcase name="run" time="31.669" classname="week5day1hw.CreateLeadUsingTestNG"/>
  <testcase name="run" time="27.640" classname="week5day1hw.CreateLeadUsingTestNG"/>
</testsuite> <!-- week5day1hw.CreateLeadUsingTestNG -->
