<?xml version="1.0" encoding="UTF-8"?>
<!-- Generated by org.testng.reporters.JUnitReportReporter -->
<testsuite skipped="0" hostname="Bharathwaj" name="week6day1.EditLeadUsingTestNG" tests="2" failures="0" timestamp="05 May 2018 15:27:42 GMT" time="70.085" errors="0">
  <testcase name="editLead" time="35.305" classname="week6day1.EditLeadUsingTestNG"/>
  <testcase name="editLead" time="34.780" classname="week6day1.EditLeadUsingTestNG"/>
</testsuite> <!-- week6day1.EditLeadUsingTestNG -->
