<?xml version="1.0" encoding="UTF-8"?>
<!-- Generated by org.testng.reporters.JUnitReportReporter -->
<testsuite skipped="0" hostname="Bharathwaj" name="week5day1hw.EditLeadUsingTestNG" tests="1" failures="0" timestamp="01 May 2018 15:45:23 GMT" time="46.117" errors="0">
  <testcase name="Run" time="46.117" classname="week5day1hw.EditLeadUsingTestNG"/>
</testsuite> <!-- week5day1hw.EditLeadUsingTestNG -->
