<?xml version="1.0" encoding="UTF-8"?>
<!-- Generated by org.testng.reporters.JUnitReportReporter -->
<testsuite skipped="0" hostname="Bharathwaj" name="week5day2.CreateLeadUsingTestNG" tests="1" failures="0" timestamp="29 Apr 2018 05:34:08 GMT" time="88.472" errors="0">
  <testcase name="createLead" time="88.472" classname="week5day2.CreateLeadUsingTestNG"/>
</testsuite> <!-- week5day2.CreateLeadUsingTestNG -->
