<?xml version="1.0" encoding="UTF-8"?>
<!-- Generated by org.testng.reporters.JUnitReportReporter -->
<testsuite skipped="0" hostname="Bharathwaj" name="week6day1.ReadFromExcel" tests="1" failures="0" timestamp="05 May 2018 06:54:50 GMT" time="0.887" errors="0">
  <testcase name="fetchData" time="0.887" classname="week6day1.ReadFromExcel"/>
</testsuite> <!-- week6day1.ReadFromExcel -->
